1658687705412	geckodriver	INFO	Listening on 127.0.0.1:60579
1658687705437	mozrunner::runner	INFO	Running command: "/usr/bin/firefox" "--marionette" "-headless" "--remote-debugging-port" "57881" "-no-remote" "-profile" "/tmp/rust_mozprofilez5sKbG"
*** You are running in headless mode.
1658687705744	Marionette	INFO	Marionette enabled
1658687705747	Marionette	INFO	Listening on port 44189
WebDriver BiDi listening on ws://localhost:57881
1658687705999	RemoteAgent	WARN	TLS certificate errors will be ignored for this session
[GFX1-]: RenderCompositorSWGL failed mapping default framebuffer, no dt
console.warn: SearchSettings: "get: No settings file exists, new profile?" (new NotFoundError("Could not open the file at /tmp/rust_mozprofilez5sKbG/search.json.mozlz4", (void 0)))
Missing chrome or resource URL: resource://gre/modules/UpdateListener.jsm
Missing chrome or resource URL: resource://gre/modules/UpdateListener.sys.mjs
DevTools listening on ws://localhost:57881/devtools/browser/caee7ff5-c77f-4984-a60d-9c68a50faa28
JavaScript warning: https://pagead2.googlesyndication.com/bg/sJnbOeR1u3NfD4ifTr6IY70aHZRfr3yKQi-A2m-oHT4.js line 2 > eval line 1311 > eval line 1 > eval line 1 > eval, line 1: WEBGL_debug_renderer_info is deprecated in Firefox and will be removed. Please use RENDERER.
JavaScript warning: https://pagead2.googlesyndication.com/bg/sJnbOeR1u3NfD4ifTr6IY70aHZRfr3yKQi-A2m-oHT4.js line 2 > eval line 4128 > eval line 1 > eval line 1 > eval, line 1: WEBGL_debug_renderer_info is deprecated in Firefox and will be removed. Please use RENDERER.
JavaScript warning: https://pagead2.googlesyndication.com/bg/sJnbOeR1u3NfD4ifTr6IY70aHZRfr3yKQi-A2m-oHT4.js line 2 > eval line 5221 > eval line 1 > eval line 1 > eval, line 1: WEBGL_debug_renderer_info is deprecated in Firefox and will be removed. Please use RENDERER.
1658687716191	Marionette	WARN	Ignoring event 'pageshow' because document has an invalid readyState of 'uninitialized'.
1658687716211	Marionette	WARN	Ignoring event 'pageshow' because document has an invalid readyState of 'uninitialized'.
1658687717240	Marionette	WARN	Ignoring event 'pageshow' because document has an invalid readyState of 'uninitialized'.
1658687717241	Marionette	WARN	Ignoring event 'pageshow' because document has an invalid readyState of 'uninitialized'.
console.warn: LoginRecipes: "getRecipes: falling back to a synchronous message for:" "https://www.w3schools.com"
JavaScript error: , line 0: TypeError: NetworkError when attempting to fetch resource.
JavaScript error: , line 0: TypeError: NetworkError when attempting to fetch resource.
JavaScript error: , line 0: TypeError: NetworkError when attempting to fetch resource.
1658687723706	Marionette	INFO	Stopped listening on port 44189
Missing chrome or resource URL: resource://gre/modules/UpdateListener.jsm
Missing chrome or resource URL: resource://gre/modules/UpdateListener.sys.mjs
console.error: "Error during quit-application-granted: [Exception... \"File error: Not found\"  nsresult: \"0x80520012 (NS_ERROR_FILE_NOT_FOUND)\"  location: \"JS frame :: resource:///modules/BrowserGlue.jsm :: _onQuitApplicationGranted/tasks< :: line 1996\"  data: no]"
